<?xml version="1.0" encoding="UTF-8"?>
<testng-results ignored="0" total="1" passed="1" failed="0" skipped="0">
  <reporter-output>
  </reporter-output>
  <suite started-at="2025-05-19T22:47:59 IST" name="Suite" finished-at="2025-05-19T22:48:09 IST" duration-ms="9357">
    <groups>
    </groups>
    <test started-at="2025-05-19T22:47:59 IST" name="Test" finished-at="2025-05-19T22:48:09 IST" duration-ms="9357">
      <class name="testCases.TC_001_LoginNinjaTest">
        <test-method is-config="true" signature="setUp(java.lang.String)[pri:0, instance:testCases.TC_001_LoginNinjaTest@71b1176b]" started-at="2025-05-19T22:48:00 IST" name="setUp" finished-at="2025-05-19T22:48:08 IST" duration-ms="8004" status="PASS">
          <params>
            <param index="0">
              <value>
                <![CDATA[chrome]]>
              </value>
            </param>
          </params>
          <reporter-output>
          </reporter-output>
        </test-method> <!-- setUp -->
        <test-method signature="login()[pri:0, instance:testCases.TC_001_LoginNinjaTest@71b1176b]" started-at="2025-05-19T22:48:08 IST" name="login" finished-at="2025-05-19T22:48:09 IST" duration-ms="1161" status="PASS">
          <reporter-output>
          </reporter-output>
        </test-method> <!-- login -->
        <test-method is-config="true" signature="tearDown()[pri:0, instance:testCases.TC_001_LoginNinjaTest@71b1176b]" started-at="2025-05-19T22:48:09 IST" name="tearDown" finished-at="2025-05-19T22:48:09 IST" duration-ms="72" status="PASS">
          <reporter-output>
          </reporter-output>
        </test-method> <!-- tearDown -->
      </class> <!-- testCases.TC_001_LoginNinjaTest -->
    </test> <!-- Test -->
  </suite> <!-- Suite -->
</testng-results>
