<?xml version="1.0" encoding="UTF-8"?>
<testng-results ignored="0" total="1" passed="1" failed="0" skipped="0">
  <reporter-output>
  </reporter-output>
  <suite started-at="2025-05-18T22:45:55 IST" name="Suite" finished-at="2025-05-18T22:46:06 IST" duration-ms="11391">
    <groups>
    </groups>
    <test started-at="2025-05-18T22:45:55 IST" name="Test" finished-at="2025-05-18T22:46:06 IST" duration-ms="11391">
      <class name="testCases.TC_001_LoginNinjaTest">
        <test-method is-config="true" signature="setUp(java.lang.String)[pri:0, instance:testCases.TC_001_LoginNinjaTest@333291e3]" started-at="2025-05-18T22:45:55 IST" name="setUp" finished-at="2025-05-18T22:46:04 IST" duration-ms="9195" status="PASS">
          <params>
            <param index="0">
              <value>
                <![CDATA[chrome]]>
              </value>
            </param>
          </params>
          <reporter-output>
          </reporter-output>
        </test-method> <!-- setUp -->
        <test-method signature="login()[pri:0, instance:testCases.TC_001_LoginNinjaTest@333291e3]" started-at="2025-05-18T22:46:04 IST" name="login" finished-at="2025-05-18T22:46:06 IST" duration-ms="1933" status="PASS">
          <reporter-output>
          </reporter-output>
        </test-method> <!-- login -->
        <test-method is-config="true" signature="tearDown()[pri:0, instance:testCases.TC_001_LoginNinjaTest@333291e3]" started-at="2025-05-18T22:46:06 IST" name="tearDown" finished-at="2025-05-18T22:46:06 IST" duration-ms="142" status="PASS">
          <reporter-output>
          </reporter-output>
        </test-method> <!-- tearDown -->
      </class> <!-- testCases.TC_001_LoginNinjaTest -->
    </test> <!-- Test -->
  </suite> <!-- Suite -->
</testng-results>
